<?xml version="1.0" encoding="UTF-8"?>
<!-- Generated by org.testng.reporters.JUnitReportReporter -->
<testsuite skipped="0" hostname="Chetan" name="dataSharing.ShareDataDifferentMethods" tests="2" failures="0" timestamp="2021-11-21T13:16:26 IST" time="9.162" errors="0">
  <testcase name="createBooking" time="8.008" classname="dataSharing.ShareDataDifferentMethods"/>
  <system-out/>
  <testcase name="retrieveBooking" time="1.154" classname="dataSharing.ShareDataDifferentMethods"/>
  <system-out/>
</testsuite> <!-- dataSharing.ShareDataDifferentMethods -->
