<?xml version="1.0" encoding="UTF-8"?>
<!-- Generated by org.testng.reporters.JUnitReportReporter -->
<testsuite skipped="0" hostname="Chetan" name="paralllelExecutionSolutionWithDataMap.UsingThreadLocalWithMapModule2" tests="2" failures="0" timestamp="2021-11-21T18:33:14 IST" time="29.924" errors="0">
  <testcase name="createBooking" time="8.507" classname="paralllelExecutionSolutionWithDataMap.UsingThreadLocalWithMapModule2"/>
  <system-out/>
  <testcase name="retrieveBooking" time="21.417" classname="paralllelExecutionSolutionWithDataMap.UsingThreadLocalWithMapModule2"/>
  <system-out/>
</testsuite> <!-- paralllelExecutionSolutionWithDataMap.UsingThreadLocalWithMapModule2 -->
