<?xml version="1.0" encoding="UTF-8"?>
<!-- Generated by org.testng.reporters.JUnitReportReporter -->
<testsuite skipped="0" hostname="Chetan" name="deafultStaticVariableDemo.PutDemo" tests="1" failures="0" timestamp="2021-10-22T17:10:34 IST" time="1.196" errors="0">
  <testcase name="modifyResource" time="1.196" classname="deafultStaticVariableDemo.PutDemo"/>
  <system-out/>
</testsuite> <!-- deafultStaticVariableDemo.PutDemo -->
