<?xml version="1.0" encoding="UTF-8"?>
<!-- Generated by org.testng.reporters.JUnitReportReporter -->
<testsuite skipped="0" hostname="Chetan" name="dataSharingITestSuite.GetBookingDetails" tests="1" failures="0" timestamp="2021-11-21T19:40:08 IST" time="1.452" errors="0">
  <testcase name="getBookingDetails" time="1.452" classname="dataSharingITestSuite.GetBookingDetails"/>
  <system-out/>
</testsuite> <!-- dataSharingITestSuite.GetBookingDetails -->
