<?xml version="1.0" encoding="UTF-8"?>
<!-- Generated by org.testng.reporters.JUnitReportReporter -->
<testsuite skipped="0" hostname="Chetan" name="dataSharingITestSuite.CreateBookingDetails" tests="1" failures="0" timestamp="2021-11-21T19:40:08 IST" time="8.770" errors="0">
  <testcase name="getBookingID" time="8.770" classname="dataSharingITestSuite.CreateBookingDetails"/>
  <system-out/>
</testsuite> <!-- dataSharingITestSuite.CreateBookingDetails -->
