<?xml version="1.0" encoding="UTF-8"?>
<!-- Generated by org.testng.reporters.JUnitReportReporter -->
<testsuite skipped="0" hostname="Chetan" name="jsonPath.Basics" tests="1" failures="0" timestamp="2021-10-26T01:39:56 IST" time="4.053" errors="0">
  <testcase name="basicTest" time="4.053" classname="jsonPath.Basics"/>
  <system-out/>
</testsuite> <!-- jsonPath.Basics -->
