<?xml version="1.0" encoding="UTF-8"?>
<!-- Generated by org.testng.reporters.JUnitReportReporter -->
<testsuite skipped="0" hostname="Chetan" name="jsonPath.jsonPathForComplexJsonArray2" tests="1" failures="0" timestamp="2021-10-27T00:39:25 IST" time="2.770" errors="0">
  <testcase name="complexJsonArray" time="2.770" classname="jsonPath.jsonPathForComplexJsonArray2"/>
  <system-out/>
</testsuite> <!-- jsonPath.jsonPathForComplexJsonArray2 -->
