<?xml version="1.0" encoding="UTF-8"?>
<!-- Generated by org.testng.reporters.JUnitReportReporter -->
<testsuite skipped="0" hostname="Chetan" name="Miscellaneous.RequestAndResponseSpecificationTogether" tests="2" failures="0" timestamp="2021-10-22T02:16:49 IST" time="5.616" errors="0">
  <testcase name="updateBooking" time="1.306" classname="Miscellaneous.RequestAndResponseSpecificationTogether"/>
  <system-out/>
  <testcase name="createBooking" time="4.310" classname="Miscellaneous.RequestAndResponseSpecificationTogether"/>
  <system-out/>
</testsuite> <!-- Miscellaneous.RequestAndResponseSpecificationTogether -->
