<?xml version="1.0" encoding="UTF-8"?>
<!-- Generated by org.testng.reporters.JUnitReportReporter -->
<testsuite skipped="0" hostname="Chetan" name="dataSharingITestContext.GetBookingDetails" tests="1" failures="0" timestamp="2021-11-21T19:21:45 IST" time="1.443" errors="0">
  <testcase name="getBookingDetails" time="1.443" classname="dataSharingITestContext.GetBookingDetails"/>
  <system-out/>
</testsuite> <!-- dataSharingITestContext.GetBookingDetails -->
