<?xml version="1.0" encoding="UTF-8"?>
<!-- Generated by org.testng.reporters.JUnitReportReporter -->
<testsuite skipped="0" hostname="Chetan" name="paralllelExecutionSolutionWithDataMap.UsingThreadLocalWithMapModule1" tests="2" failures="0" timestamp="2021-11-21T18:33:14 IST" time="19.688" errors="0">
  <testcase name="createBooking" time="8.507" classname="paralllelExecutionSolutionWithDataMap.UsingThreadLocalWithMapModule1"/>
  <system-out/>
  <testcase name="retrieveBooking" time="11.181" classname="paralllelExecutionSolutionWithDataMap.UsingThreadLocalWithMapModule1"/>
  <system-out/>
</testsuite> <!-- paralllelExecutionSolutionWithDataMap.UsingThreadLocalWithMapModule1 -->
