<?xml version="1.0" encoding="UTF-8"?>
<!-- Generated by org.testng.reporters.JUnitReportReporter -->
<testsuite skipped="0" hostname="Chetan" name="jsonSchema.ValidateAnyJSONSchema" tests="1" failures="1" timestamp="2021-10-29T23:49:18 IST" time="0.840" errors="0">
  <testcase name="validateJSONSchema" time="0.840" classname="jsonSchema.ValidateAnyJSONSchema">
    <failure type="java.lang.AssertionError" message="
Expected: The content to match the given JSON schema.
warning: the following keywords are unknown and will be ignored: [$id, examples]
    level: &quot;warning&quot;
    schema: {&quot;loadingURI&quot;:&quot;file:/D:/RestAssuredBasics/project/target/test-classes/RequestSchema.json#&quot;,&quot;pointer&quot;:&quot;&quot;}
    domain: &quot;syntax&quot;
    ignored: [&quot;$id&quot;,&quot;examples&quot;]
warning: the following keywords are unknown and will be ignored: [$id, examples]
    level: &quot;warning&quot;
    schema: {&quot;loadingURI&quot;:&quot;file:/D:/RestAssuredBasics/project/target/test-classes/RequestSchema.json#&quot;,&quot;pointer&quot;:&quot;/properties/additionalneeds&quot;}
    domain: &quot;syntax&quot;
    ignored: [&quot;$id&quot;,&quot;examples&quot;]
warning: the following keywords are unknown and will be ignored: [$id, examples]
    level: &quot;warning&quot;
    schema: {&quot;loadingURI&quot;:&quot;file:/D:/RestAssuredBasics/project/target/test-classes/RequestSchema.json#&quot;,&quot;pointer&quot;:&quot;/properties/bookingdates&quot;}
    domain: &quot;syntax&quot;
    ignored: [&quot;$id&quot;,&quot;examples&quot;]
warning: the following keywords are unknown and will be ignored: [$id, examples]
    level: &quot;warning&quot;
    schema: {&quot;loadingURI&quot;:&quot;file:/D:/RestAssuredBasics/project/target/test-classes/RequestSchema.json#&quot;,&quot;pointer&quot;:&quot;/properties/bookingdates/properties/checkin&quot;}
    domain: &quot;syntax&quot;
    ignored: [&quot;$id&quot;,&quot;examples&quot;]
warning: the following keywords are unknown and will be ignored: [$id, examples]
    level: &quot;warning&quot;
    schema: {&quot;loadingURI&quot;:&quot;file:/D:/RestAssuredBasics/project/target/test-classes/RequestSchema.json#&quot;,&quot;pointer&quot;:&quot;/properties/bookingdates/properties/checkout&quot;}
    domain: &quot;syntax&quot;
    ignored: [&quot;$id&quot;,&quot;examples&quot;]
warning: the following keywords are unknown and will be ignored: [$id, examples]
    level: &quot;warning&quot;
    schema: {&quot;loadingURI&quot;:&quot;file:/D:/RestAssuredBasics/project/target/test-classes/RequestSchema.json#&quot;,&quot;pointer&quot;:&quot;/properties/depositpaid&quot;}
    domain: &quot;syntax&quot;
    ignored: [&quot;$id&quot;,&quot;examples&quot;]
warning: the following keywords are unknown and will be ignored: [$id, examples]
    level: &quot;warning&quot;
    schema: {&quot;loadingURI&quot;:&quot;file:/D:/RestAssuredBasics/project/target/test-classes/RequestSchema.json#&quot;,&quot;pointer&quot;:&quot;/properties/firstname&quot;}
    domain: &quot;syntax&quot;
    ignored: [&quot;$id&quot;,&quot;examples&quot;]
warning: the following keywords are unknown and will be ignored: [$id, examples]
    level: &quot;warning&quot;
    schema: {&quot;loadingURI&quot;:&quot;file:/D:/RestAssuredBasics/project/target/test-classes/RequestSchema.json#&quot;,&quot;pointer&quot;:&quot;/properties/lastname&quot;}
    domain: &quot;syntax&quot;
    ignored: [&quot;$id&quot;,&quot;examples&quot;]
warning: the following keywords are unknown and will be ignored: [$id, examples]
    level: &quot;warning&quot;
    schema: {&quot;loadingURI&quot;:&quot;file:/D:/RestAssuredBasics/project/target/test-classes/RequestSchema.json#&quot;,&quot;pointer&quot;:&quot;/properties/totalprice&quot;}
    domain: &quot;syntax&quot;
    ignored: [&quot;$id&quot;,&quot;examples&quot;]
warning: the following keywords are unknown and will be ignored: [$id, examples]
    level: &quot;warning&quot;
    schema: {&quot;loadingURI&quot;:&quot;file:/D:/RestAssuredBasics/project/target/test-classes/RequestSchema.json#&quot;,&quot;pointer&quot;:&quot;/properties/additionalneeds&quot;}
    domain: &quot;syntax&quot;
    ignored: [&quot;$id&quot;,&quot;examples&quot;]
warning: the following keywords are unknown and will be ignored: [$id, examples]
    level: &quot;warning&quot;
    schema: {&quot;loadingURI&quot;:&quot;file:/D:/RestAssuredBasics/project/target/test-classes/RequestSchema.json#&quot;,&quot;pointer&quot;:&quot;/properties/bookingdates&quot;}
    domain: &quot;syntax&quot;
    ignored: [&quot;$id&quot;,&quot;examples&quot;]
warning: the following keywords are unknown and will be ignored: [$id, examples]
    level: &quot;warning&quot;
    schema: {&quot;loadingURI&quot;:&quot;file:/D:/RestAssuredBasics/project/target/test-classes/RequestSchema.json#&quot;,&quot;pointer&quot;:&quot;/properties/bookingdates/properties/checkin&quot;}
    domain: &quot;syntax&quot;
    ignored: [&quot;$id&quot;,&quot;examples&quot;]
warning: the following keywords are unknown and will be ignored: [$id, examples]
    level: &quot;warning&quot;
    schema: {&quot;loadingURI&quot;:&quot;file:/D:/RestAssuredBasics/project/target/test-classes/RequestSchema.json#&quot;,&quot;pointer&quot;:&quot;/properties/bookingdates/properties/checkout&quot;}
    domain: &quot;syntax&quot;
    ignored: [&quot;$id&quot;,&quot;examples&quot;]
warning: the following keywords are unknown and will be ignored: [$id, examples]
    level: &quot;warning&quot;
    schema: {&quot;loadingURI&quot;:&quot;file:/D:/RestAssuredBasics/project/target/test-classes/RequestSchema.json#&quot;,&quot;pointer&quot;:&quot;/properties/bookingdates/properties/checkin&quot;}
    domain: &quot;syntax&quot;
    ignored: [&quot;$id&quot;,&quot;examples&quot;]
warning: the following keywords are unknown and will be ignored: [$id, examples]
    level: &quot;warning&quot;
    schema: {&quot;loadingURI&quot;:&quot;file:/D:/RestAssuredBasics/project/target/test-classes/RequestSchema.json#&quot;,&quot;pointer&quot;:&quot;/properties/bookingdates/properties/checkout&quot;}
    domain: &quot;syntax&quot;
    ignored: [&quot;$id&quot;,&quot;examples&quot;]
warning: the following keywords are unknown and will be ignored: [$id, examples]
    level: &quot;warning&quot;
    schema: {&quot;loadingURI&quot;:&quot;file:/D:/RestAssuredBasics/project/target/test-classes/RequestSchema.json#&quot;,&quot;pointer&quot;:&quot;/properties/depositpaid&quot;}
    domain: &quot;syntax&quot;
    ignored: [&quot;$id&quot;,&quot;examples&quot;]
warning: the following keywords are unknown and will be ignored: [$id, examples]
    level: &quot;warning&quot;
    schema: {&quot;loadingURI&quot;:&quot;file:/D:/RestAssuredBasics/project/target/test-classes/RequestSchema.json#&quot;,&quot;pointer&quot;:&quot;/properties/firstname&quot;}
    domain: &quot;syntax&quot;
    ignored: [&quot;$id&quot;,&quot;examples&quot;]
warning: the following keywords are unknown and will be ignored: [$id, examples]
    level: &quot;warning&quot;
    schema: {&quot;loadingURI&quot;:&quot;file:/D:/RestAssuredBasics/project/target/test-classes/RequestSchema.json#&quot;,&quot;pointer&quot;:&quot;/properties/lastname&quot;}
    domain: &quot;syntax&quot;
    ignored: [&quot;$id&quot;,&quot;examples&quot;]
error: string &quot;Brown&quot; is too short (length: 5, required minimum: 7)
    level: &quot;error&quot;
    schema: {&quot;loadingURI&quot;:&quot;file:/D:/RestAssuredBasics/project/target/test-classes/RequestSchema.json#&quot;,&quot;pointer&quot;:&quot;/properties/lastname&quot;}
    instance: {&quot;pointer&quot;:&quot;/lastname&quot;}
    domain: &quot;validation&quot;
    keyword: &quot;minLength&quot;
    value: &quot;Brown&quot;
    found: 5
    minLength: 7
warning: the following keywords are unknown and will be ignored: [$id, examples]
    level: &quot;warning&quot;
    schema: {&quot;loadingURI&quot;:&quot;file:/D:/RestAssuredBasics/project/target/test-classes/RequestSchema.json#&quot;,&quot;pointer&quot;:&quot;/properties/totalprice&quot;}
    domain: &quot;syntax&quot;
    ignored: [&quot;$id&quot;,&quot;examples&quot;]

     but: was &quot;{\r\n    \&quot;firstname\&quot;: \&quot;Jim\&quot;,\r\n    \&quot;lastname\&quot;: \&quot;Brown\&quot;,\r\n    \&quot;totalprice\&quot;: 111,\r\n    \&quot;depositpaid\&quot;: true,\r\n    \&quot;bookingdates\&quot;: {\r\n        \&quot;checkin\&quot;: \&quot;2018-01-01\&quot;,\r\n        \&quot;checkout\&quot;: \&quot;2019-01-01\&quot;\r\n    },\r\n    \&quot;additionalneeds\&quot;: \&quot;Breakfast\&quot;\r\n}&quot;">
      <![CDATA[java.lang.AssertionError: 
Expected: The content to match the given JSON schema.
warning: the following keywords are unknown and will be ignored: [$id, examples]
    level: "warning"
    schema: {"loadingURI":"file:/D:/RestAssuredBasics/project/target/test-classes/RequestSchema.json#","pointer":""}
    domain: "syntax"
    ignored: ["$id","examples"]
warning: the following keywords are unknown and will be ignored: [$id, examples]
    level: "warning"
    schema: {"loadingURI":"file:/D:/RestAssuredBasics/project/target/test-classes/RequestSchema.json#","pointer":"/properties/additionalneeds"}
    domain: "syntax"
    ignored: ["$id","examples"]
warning: the following keywords are unknown and will be ignored: [$id, examples]
    level: "warning"
    schema: {"loadingURI":"file:/D:/RestAssuredBasics/project/target/test-classes/RequestSchema.json#","pointer":"/properties/bookingdates"}
    domain: "syntax"
    ignored: ["$id","examples"]
warning: the following keywords are unknown and will be ignored: [$id, examples]
    level: "warning"
    schema: {"loadingURI":"file:/D:/RestAssuredBasics/project/target/test-classes/RequestSchema.json#","pointer":"/properties/bookingdates/properties/checkin"}
    domain: "syntax"
    ignored: ["$id","examples"]
warning: the following keywords are unknown and will be ignored: [$id, examples]
    level: "warning"
    schema: {"loadingURI":"file:/D:/RestAssuredBasics/project/target/test-classes/RequestSchema.json#","pointer":"/properties/bookingdates/properties/checkout"}
    domain: "syntax"
    ignored: ["$id","examples"]
warning: the following keywords are unknown and will be ignored: [$id, examples]
    level: "warning"
    schema: {"loadingURI":"file:/D:/RestAssuredBasics/project/target/test-classes/RequestSchema.json#","pointer":"/properties/depositpaid"}
    domain: "syntax"
    ignored: ["$id","examples"]
warning: the following keywords are unknown and will be ignored: [$id, examples]
    level: "warning"
    schema: {"loadingURI":"file:/D:/RestAssuredBasics/project/target/test-classes/RequestSchema.json#","pointer":"/properties/firstname"}
    domain: "syntax"
    ignored: ["$id","examples"]
warning: the following keywords are unknown and will be ignored: [$id, examples]
    level: "warning"
    schema: {"loadingURI":"file:/D:/RestAssuredBasics/project/target/test-classes/RequestSchema.json#","pointer":"/properties/lastname"}
    domain: "syntax"
    ignored: ["$id","examples"]
warning: the following keywords are unknown and will be ignored: [$id, examples]
    level: "warning"
    schema: {"loadingURI":"file:/D:/RestAssuredBasics/project/target/test-classes/RequestSchema.json#","pointer":"/properties/totalprice"}
    domain: "syntax"
    ignored: ["$id","examples"]
warning: the following keywords are unknown and will be ignored: [$id, examples]
    level: "warning"
    schema: {"loadingURI":"file:/D:/RestAssuredBasics/project/target/test-classes/RequestSchema.json#","pointer":"/properties/additionalneeds"}
    domain: "syntax"
    ignored: ["$id","examples"]
warning: the following keywords are unknown and will be ignored: [$id, examples]
    level: "warning"
    schema: {"loadingURI":"file:/D:/RestAssuredBasics/project/target/test-classes/RequestSchema.json#","pointer":"/properties/bookingdates"}
    domain: "syntax"
    ignored: ["$id","examples"]
warning: the following keywords are unknown and will be ignored: [$id, examples]
    level: "warning"
    schema: {"loadingURI":"file:/D:/RestAssuredBasics/project/target/test-classes/RequestSchema.json#","pointer":"/properties/bookingdates/properties/checkin"}
    domain: "syntax"
    ignored: ["$id","examples"]
warning: the following keywords are unknown and will be ignored: [$id, examples]
    level: "warning"
    schema: {"loadingURI":"file:/D:/RestAssuredBasics/project/target/test-classes/RequestSchema.json#","pointer":"/properties/bookingdates/properties/checkout"}
    domain: "syntax"
    ignored: ["$id","examples"]
warning: the following keywords are unknown and will be ignored: [$id, examples]
    level: "warning"
    schema: {"loadingURI":"file:/D:/RestAssuredBasics/project/target/test-classes/RequestSchema.json#","pointer":"/properties/bookingdates/properties/checkin"}
    domain: "syntax"
    ignored: ["$id","examples"]
warning: the following keywords are unknown and will be ignored: [$id, examples]
    level: "warning"
    schema: {"loadingURI":"file:/D:/RestAssuredBasics/project/target/test-classes/RequestSchema.json#","pointer":"/properties/bookingdates/properties/checkout"}
    domain: "syntax"
    ignored: ["$id","examples"]
warning: the following keywords are unknown and will be ignored: [$id, examples]
    level: "warning"
    schema: {"loadingURI":"file:/D:/RestAssuredBasics/project/target/test-classes/RequestSchema.json#","pointer":"/properties/depositpaid"}
    domain: "syntax"
    ignored: ["$id","examples"]
warning: the following keywords are unknown and will be ignored: [$id, examples]
    level: "warning"
    schema: {"loadingURI":"file:/D:/RestAssuredBasics/project/target/test-classes/RequestSchema.json#","pointer":"/properties/firstname"}
    domain: "syntax"
    ignored: ["$id","examples"]
warning: the following keywords are unknown and will be ignored: [$id, examples]
    level: "warning"
    schema: {"loadingURI":"file:/D:/RestAssuredBasics/project/target/test-classes/RequestSchema.json#","pointer":"/properties/lastname"}
    domain: "syntax"
    ignored: ["$id","examples"]
error: string "Brown" is too short (length: 5, required minimum: 7)
    level: "error"
    schema: {"loadingURI":"file:/D:/RestAssuredBasics/project/target/test-classes/RequestSchema.json#","pointer":"/properties/lastname"}
    instance: {"pointer":"/lastname"}
    domain: "validation"
    keyword: "minLength"
    value: "Brown"
    found: 5
    minLength: 7
warning: the following keywords are unknown and will be ignored: [$id, examples]
    level: "warning"
    schema: {"loadingURI":"file:/D:/RestAssuredBasics/project/target/test-classes/RequestSchema.json#","pointer":"/properties/totalprice"}
    domain: "syntax"
    ignored: ["$id","examples"]

     but: was "{\r\n    \"firstname\": \"Jim\",\r\n    \"lastname\": \"Brown\",\r\n    \"totalprice\": 111,\r\n    \"depositpaid\": true,\r\n    \"bookingdates\": {\r\n        \"checkin\": \"2018-01-01\",\r\n        \"checkout\": \"2019-01-01\"\r\n    },\r\n    \"additionalneeds\": \"Breakfast\"\r\n}"
at org.hamcrest.MatcherAssert.assertThat(MatcherAssert.java:18)
at org.hamcrest.MatcherAssert.assertThat(MatcherAssert.java:6)
at jsonSchema.ValidateAnyJSONSchema.validateJSONSchema(ValidateAnyJSONSchema.java:24)
at sun.reflect.NativeMethodAccessorImpl.invoke0(Native Method)
at sun.reflect.NativeMethodAccessorImpl.invoke(NativeMethodAccessorImpl.java:62)
at sun.reflect.DelegatingMethodAccessorImpl.invoke(DelegatingMethodAccessorImpl.java:43)
at java.lang.reflect.Method.invoke(Method.java:498)
at org.testng.internal.MethodInvocationHelper.invokeMethod(MethodInvocationHelper.java:133)
at org.testng.internal.TestInvoker.invokeMethod(TestInvoker.java:598)
at org.testng.internal.TestInvoker.invokeTestMethod(TestInvoker.java:173)
at org.testng.internal.MethodRunner.runInSequence(MethodRunner.java:46)
at org.testng.internal.TestInvoker$MethodInvocationAgent.invoke(TestInvoker.java:824)
at org.testng.internal.TestInvoker.invokeTestMethods(TestInvoker.java:146)
at org.testng.internal.TestMethodWorker.invokeTestMethods(TestMethodWorker.java:146)
at org.testng.internal.TestMethodWorker.run(TestMethodWorker.java:128)
at java.util.ArrayList.forEach(ArrayList.java:1259)
at org.testng.TestRunner.privateRun(TestRunner.java:794)
at org.testng.TestRunner.run(TestRunner.java:596)
at org.testng.SuiteRunner.runTest(SuiteRunner.java:377)
at org.testng.SuiteRunner.runSequentially(SuiteRunner.java:371)
at org.testng.SuiteRunner.privateRun(SuiteRunner.java:332)
at org.testng.SuiteRunner.run(SuiteRunner.java:276)
at org.testng.SuiteRunnerWorker.runSuite(SuiteRunnerWorker.java:53)
at org.testng.SuiteRunnerWorker.run(SuiteRunnerWorker.java:96)
at org.testng.TestNG.runSuitesSequentially(TestNG.java:1212)
at org.testng.TestNG.runSuitesLocally(TestNG.java:1134)
at org.testng.TestNG.runSuites(TestNG.java:1063)
at org.testng.TestNG.run(TestNG.java:1031)
at org.testng.remote.AbstractRemoteTestNG.run(AbstractRemoteTestNG.java:115)
at org.testng.remote.RemoteTestNG.initAndRun(RemoteTestNG.java:251)
at org.testng.remote.RemoteTestNG.main(RemoteTestNG.java:77)
]]>
    </failure>
  </testcase> <!-- validateJSONSchema -->
  <system-out/>
</testsuite> <!-- jsonSchema.ValidateAnyJSONSchema -->
