<?xml version="1.0" encoding="UTF-8"?>
<!-- Generated by org.testng.reporters.JUnitReportReporter -->
<testsuite skipped="0" hostname="Chetan" name="paralllelExecutionProblemWithDataMap.StoreAndShareDataFromSeparateDataFileAsMap2" tests="2" failures="0" timestamp="2021-11-21T17:31:31 IST" time="31.093" errors="0">
  <testcase name="createBooking" time="10.035" classname="paralllelExecutionProblemWithDataMap.StoreAndShareDataFromSeparateDataFileAsMap2"/>
  <system-out/>
  <testcase name="retrieveBooking" time="21.058" classname="paralllelExecutionProblemWithDataMap.StoreAndShareDataFromSeparateDataFileAsMap2"/>
  <system-out/>
</testsuite> <!-- paralllelExecutionProblemWithDataMap.StoreAndShareDataFromSeparateDataFileAsMap2 -->
