<?xml version="1.0" encoding="UTF-8"?>
<!-- Generated by org.testng.reporters.JUnitReportReporter -->
<testsuite skipped="0" hostname="Chetan" name="deafultStaticVariableDemo.PostDemo" tests="1" failures="0" timestamp="2021-10-22T17:10:34 IST" time="5.640" errors="0">
  <testcase name="createResource" time="5.640" classname="deafultStaticVariableDemo.PostDemo"/>
  <system-out/>
</testsuite> <!-- deafultStaticVariableDemo.PostDemo -->
