<?xml version="1.0" encoding="UTF-8"?>
<!-- Generated by org.testng.reporters.JUnitReportReporter -->
<testsuite skipped="0" hostname="Chetan" name="jsonPath.WithoutInlineAssertions" tests="1" failures="0" timestamp="2021-10-28T01:22:44 IST" time="7.388" errors="0">
  <testcase name="demo" time="7.388" classname="jsonPath.WithoutInlineAssertions"/>
  <system-out/>
</testsuite> <!-- jsonPath.WithoutInlineAssertions -->
