<?xml version="1.0" encoding="UTF-8"?>
<!-- Generated by org.testng.reporters.JUnitReportReporter -->
<testsuite skipped="0" hostname="Chetan" name="dataSharingITestContext.CreateBookingDetails" tests="1" failures="0" timestamp="2021-11-21T19:21:45 IST" time="7.181" errors="0">
  <testcase name="getBookingID" time="7.181" classname="dataSharingITestContext.CreateBookingDetails"/>
  <system-out/>
</testsuite> <!-- dataSharingITestContext.CreateBookingDetails -->
