<?xml version="1.0" encoding="UTF-8"?>
<!-- Generated by org.testng.reporters.JUnitReportReporter -->
<testsuite skipped="0" hostname="Chetan" name="jsonPath.FindAndFindAll" tests="1" failures="0" timestamp="2021-10-28T00:36:31 IST" time="3.238" errors="0">
  <testcase name="findAndFindAllDemo" time="3.238" classname="jsonPath.FindAndFindAll"/>
  <system-out/>
</testsuite> <!-- jsonPath.FindAndFindAll -->
