<?xml version="1.0" encoding="UTF-8"?>
<!-- Generated by org.testng.reporters.JUnitReportReporter -->
<testsuite skipped="0" hostname="Chetan" name="dataSharing.StoreAndShareDataFromSeparateDataFileAsMap" tests="2" failures="0" timestamp="2021-11-21T13:57:39 IST" time="9.586" errors="0">
  <testcase name="createBooking" time="8.444" classname="dataSharing.StoreAndShareDataFromSeparateDataFileAsMap"/>
  <system-out/>
  <testcase name="retrieveBooking" time="1.142" classname="dataSharing.StoreAndShareDataFromSeparateDataFileAsMap"/>
  <system-out/>
</testsuite> <!-- dataSharing.StoreAndShareDataFromSeparateDataFileAsMap -->
