<?xml version="1.0" encoding="UTF-8"?>
<!-- Generated by org.testng.reporters.JUnitReportReporter -->
<testsuite skipped="0" hostname="Chetan" name="dataSharing.ShareData" tests="1" failures="0" timestamp="2021-11-21T12:52:28 IST" time="12.748" errors="0">
  <testcase name="createAndRetrieveBooking" time="12.748" classname="dataSharing.ShareData"/>
  <system-out/>
</testsuite> <!-- dataSharing.ShareData -->
