<?xml version="1.0" encoding="UTF-8"?>
<!-- Generated by org.testng.reporters.JUnitReportReporter -->
<testsuite skipped="0" hostname="Chetan" name="jsonPath.jsonPathForSimpleJsonArray" tests="2" failures="0" timestamp="2021-10-26T18:25:43 IST" time="4.115" errors="0">
  <testcase name="simpleJsonArray" time="3.960" classname="jsonPath.jsonPathForSimpleJsonArray"/>
  <system-out/>
  <testcase name="nestedJSONArray" time="0.155" classname="jsonPath.jsonPathForSimpleJsonArray"/>
  <system-out/>
</testsuite> <!-- jsonPath.jsonPathForSimpleJsonArray -->
