<?xml version="1.0" encoding="UTF-8"?>
<!-- Generated by org.testng.reporters.JUnitReportReporter -->
<testsuite skipped="0" hostname="Chetan" name="jsonPath.jsonPathForSimpleJsonObject" tests="3" failures="0" timestamp="2021-10-26T17:41:42 IST" time="2.919" errors="0">
  <testcase name="simpleJsonEx" time="2.615" classname="jsonPath.jsonPathForSimpleJsonObject"/>
  <system-out/>
  <testcase name="nestedJsonEx" time="0.094" classname="jsonPath.jsonPathForSimpleJsonObject"/>
  <system-out/>
  <testcase name="nestedJsonWithArrayAndNestedArrayEx" time="0.210" classname="jsonPath.jsonPathForSimpleJsonObject"/>
  <system-out/>
</testsuite> <!-- jsonPath.jsonPathForSimpleJsonObject -->
