<?xml version="1.0" encoding="UTF-8"?>
<!-- Generated by org.testng.reporters.JUnitReportReporter -->
<testsuite skipped="0" hostname="Chetan" name="Miscellaneous.RequestSpecificationDemo" tests="2" failures="0" timestamp="2021-10-22T01:54:07 IST" time="5.268" errors="0">
  <testcase name="createBooking" time="4.068" classname="Miscellaneous.RequestSpecificationDemo"/>
  <system-out/>
  <testcase name="updateBooking" time="1.200" classname="Miscellaneous.RequestSpecificationDemo"/>
  <system-out/>
</testsuite> <!-- Miscellaneous.RequestSpecificationDemo -->
