<?xml version="1.0" encoding="UTF-8"?>
<!-- Generated by org.testng.reporters.JUnitReportReporter -->
<testsuite skipped="0" hostname="Chetan" name="Miscellaneous.ResponseSpecificationDemo" tests="2" failures="0" timestamp="2021-10-22T01:59:24 IST" time="6.258" errors="0">
  <testcase name="updateBooking" time="1.170" classname="Miscellaneous.ResponseSpecificationDemo"/>
  <system-out/>
  <testcase name="createBooking" time="5.088" classname="Miscellaneous.ResponseSpecificationDemo"/>
  <system-out/>
</testsuite> <!-- Miscellaneous.ResponseSpecificationDemo -->
